<?xml version="1.0" encoding="UTF-8"?>
<!-- Generated by org.testng.reporters.JUnitReportReporter -->
<testsuite hostname="DESKTOP-S2RPKI9" failures="0" tests="20" name="test.SignUpPage" time="149.225" errors="0" timestamp="2023-01-13T03:51:51 PST" skipped="0">
  <testcase classname="test.SignUpPage" name="emptyPasswordTest" time="7.766"/>
  <system-out/>
  <testcase classname="test.SignUpPage" name="emptyPhoneTest" time="8.999"/>
  <system-out/>
  <testcase classname="test.SignUpPage" name="privacyPolicyRedirectionTest" time="6.758"/>
  <system-out/>
  <testcase classname="test.SignUpPage" name="emptyEmailTest" time="7.843"/>
  <system-out/>
  <testcase classname="test.SignUpPage" name="inValidPasswordTest" time="7.772"/>
  <system-out/>
  <testcase classname="test.SignUpPage" name="verifyElemntsOnPageTest" time="6.720"/>
  <system-out/>
  <testcase classname="test.SignUpPage" name="emptyPhoneTest" time="7.814"/>
  <system-out/>
  <testcase classname="test.SignUpPage" name="verifyElemntsOnPageTest" time="7.261"/>
  <system-out/>
  <testcase classname="test.SignUpPage" name="emptyNameTest" time="9.144"/>
  <system-out/>
  <testcase classname="test.SignUpPage" name="emptyNameTest" time="7.841"/>
  <system-out/>
  <testcase classname="test.SignUpPage" name="landingPageRedirectionTest" time="4.031"/>
  <system-out/>
  <testcase classname="test.SignUpPage" name="termsRedirectionTest" time="5.849"/>
  <system-out/>
  <testcase classname="test.SignUpPage" name="emptyEmailTest" time="9.065"/>
  <system-out/>
  <testcase classname="test.SignUpPage" name="emptyPasswordTest" time="13.478"/>
  <system-out/>
  <testcase classname="test.SignUpPage" name="loginRedirectionTest" time="5.419"/>
  <system-out/>
  <testcase classname="test.SignUpPage" name="privacyPolicyRedirectionTest" time="7.944"/>
  <system-out/>
  <testcase classname="test.SignUpPage" name="landingPageRedirectionTest" time="4.997"/>
  <system-out/>
  <testcase classname="test.SignUpPage" name="termsRedirectionTest" time="6.753"/>
  <system-out/>
  <testcase classname="test.SignUpPage" name="loginRedirectionTest" time="4.391"/>
  <system-out/>
  <testcase classname="test.SignUpPage" name="inValidPasswordTest" time="9.380"/>
  <system-out/>
</testsuite> <!-- test.SignUpPage -->
