<?xml version="1.0" encoding="UTF-8"?>
<!-- Generated by org.testng.reporters.JUnitReportReporter -->
<testsuite hostname="DESKTOP-S2RPKI9" failures="0" tests="20" name="test.SignUpPage" time="238.975" errors="0" timestamp="2023-01-13T06:39:47 PST" skipped="0">
  <testcase classname="test.SignUpPage" name="inValidPasswordTest" time="13.962"/>
  <system-out/>
  <testcase classname="test.SignUpPage" name="termsRedirectionTest" time="11.195"/>
  <system-out/>
  <testcase classname="test.SignUpPage" name="landingPageRedirectionTest" time="6.534"/>
  <system-out/>
  <testcase classname="test.SignUpPage" name="emptyPhoneTest" time="13.166"/>
  <system-out/>
  <testcase classname="test.SignUpPage" name="termsRedirectionTest" time="9.149"/>
  <system-out/>
  <testcase classname="test.SignUpPage" name="landingPageRedirectionTest" time="7.177"/>
  <system-out/>
  <testcase classname="test.SignUpPage" name="privacyPolicyRedirectionTest" time="10.420"/>
  <system-out/>
  <testcase classname="test.SignUpPage" name="loginRedirectionTest" time="7.110"/>
  <system-out/>
  <testcase classname="test.SignUpPage" name="inValidPasswordTest" time="15.615"/>
  <system-out/>
  <testcase classname="test.SignUpPage" name="privacyPolicyRedirectionTest" time="12.322"/>
  <system-out/>
  <testcase classname="test.SignUpPage" name="emptyEmailTest" time="15.551"/>
  <system-out/>
  <testcase classname="test.SignUpPage" name="emptyPasswordTest" time="13.832"/>
  <system-out/>
  <testcase classname="test.SignUpPage" name="emptyNameTest" time="13.493"/>
  <system-out/>
  <testcase classname="test.SignUpPage" name="emptyNameTest" time="10.908"/>
  <system-out/>
  <testcase classname="test.SignUpPage" name="emptyPasswordTest" time="18.019"/>
  <system-out/>
  <testcase classname="test.SignUpPage" name="emptyPhoneTest" time="16.109"/>
  <system-out/>
  <testcase classname="test.SignUpPage" name="verifyElemntsOnPageTest" time="13.165"/>
  <system-out/>
  <testcase classname="test.SignUpPage" name="emptyEmailTest" time="11.580"/>
  <system-out/>
  <testcase classname="test.SignUpPage" name="verifyElemntsOnPageTest" time="11.474"/>
  <system-out/>
  <testcase classname="test.SignUpPage" name="loginRedirectionTest" time="8.194"/>
  <system-out/>
</testsuite> <!-- test.SignUpPage -->
